<?xml version="1.0" encoding="UTF-8"?>
<!-- Generated by org.testng.reporters.JUnitReportReporter -->
<testsuite hostname="VIKAS" name="gmailTests" tests="4" failures="0" timestamp="24 Jun 2018 11:48:07 GMT" time="22.718" errors="0">
  <testcase name="loginGmail" time="4.194" classname="gmailTests"/>
  <testcase name="unreadMails" time="10.620" classname="gmailTests"/>
  <testcase name="readFirstUnreadMail" time="0.660" classname="gmailTests"/>
  <testcase name="updateUnreadMails" time="7.244" classname="gmailTests"/>
</testsuite> <!-- gmailTests -->
