<?xml version="1.0" encoding="UTF-8"?>
<!-- Generated by org.testng.reporters.JUnitReportReporter -->
<testsuite hostname="VIKAS" name="gmail.testcases.gmailTests" tests="1" failures="0" timestamp="23 Jun 2018 17:29:32 GMT" time="1.290" errors="0">
  <testcase name="login" time="1.290" classname="gmail.testcases.gmailTests"/>
</testsuite> <!-- gmail.testcases.gmailTests -->
