<?xml version="1.0" encoding="UTF-8"?>
<!-- Generated by org.testng.reporters.JUnitReportReporter -->
<testsuite hostname="VIKAS" name="gmailTests" tests="3" failures="0" timestamp="26 Jun 2018 21:00:27 GMT" time="80.952" errors="0">
  <testcase name="unreadMails" time="8.530" classname="gmailTests"/>
  <testcase name="loginGmail" time="11.584" classname="gmailTests"/>
  <testcase name="readFirstUnreadMail" time="60.838" classname="gmailTests"/>
</testsuite> <!-- gmailTests -->
